<?xml version="1.0" encoding="UTF-8"?>
<!-- Generated by org.testng.reporters.JUnitXMLReporter -->
<testsuite ignored="0" hostname="Mehreens-MacBook-Air.local" failures="1" tests="4" name="Surefire test" time="22.096" errors="0" timestamp="2024-04-08T08:37:17 EDT">
  <testcase classname="io.cucumber.testng.AbstractTestNGCucumberTests" name="runScenario" time="19.707"/>
  <testcase classname="io.cucumber.testng.AbstractTestNGCucumberTests" name="runScenario" time="19.809"/>
  <testcase classname="io.cucumber.testng.AbstractTestNGCucumberTests" name="runScenario" time="20.029">
    <failure type="java.lang.AssertionError" message="expected [Always by your sidessssss. Make it Intact.] but found [Always by your side. Make it Intact.]">
      <![CDATA[java.lang.AssertionError: expected [Always by your sidessssss. Make it Intact.] but found [Always by your side. Make it Intact.]
at pageObjects.HomePage.assertIntactMessage(HomePage.java:53)
at stepDefinitions.HomePageStepDef.the_user_assert_that_the_text_message_is_displayed_in_the_page(HomePageStepDef.java:43)
at ✽.in the HomePage, the user assert that the text message Always by your sidessssss. Make it Intact. is displayed in the page(file:///Users/mehreenbrar/eclipse-workspace/CucumberFrameworkTestNg/src/test/java/features/SmokeTest.feature:5)
... Removed 6 stack frames]]>
    </failure>
  </testcase> <!-- runScenario -->
  <testcase classname="io.cucumber.testng.AbstractTestNGCucumberTests" name="runScenario" time="21.154"/>
</testsuite> <!-- Surefire test -->
