<?xml version="1.0" encoding="UTF-8"?>
<!-- Generated by org.testng.reporters.JUnitXMLReporter -->
<testsuite ignored="0" hostname="Mehreens-MacBook-Air.local" failures="1" tests="4" name="Default test" time="18.919" errors="0" timestamp="2024-04-08T08:38:58 EDT">
  <testcase classname="io.cucumber.testng.AbstractTestNGCucumberTests" name="runScenario" time="17.189">
    <failure type="java.lang.AssertionError" message="expected [Always by your sidessssss. Make it Intact.] but found [Always by your side. Make it Intact.]">
      <![CDATA[java.lang.AssertionError: expected [Always by your sidessssss. Make it Intact.] but found [Always by your side. Make it Intact.]
at org.testng.Assert.fail(Assert.java:111)
at org.testng.Assert.failNotEquals(Assert.java:1578)
at org.testng.Assert.assertEqualsImpl(Assert.java:150)
at org.testng.Assert.assertEquals(Assert.java:132)
at org.testng.Assert.assertEquals(Assert.java:656)
at org.testng.Assert.assertEquals(Assert.java:666)
at pageObjects.HomePage.assertIntactMessage(HomePage.java:53)
at stepDefinitions.HomePageStepDef.the_user_assert_that_the_text_message_is_displayed_in_the_page(HomePageStepDef.java:43)
at ✽.in the HomePage, the user assert that the text message Always by your sidessssss. Make it Intact. is displayed in the page(file:///Users/mehreenbrar/eclipse-workspace/CucumberFrameworkTestNg/src/test/java/features/SmokeTest.feature:5)
]]>
    </failure>
  </testcase> <!-- runScenario -->
  <testcase classname="io.cucumber.testng.AbstractTestNGCucumberTests" name="runScenario" time="17.194"/>
  <testcase classname="io.cucumber.testng.AbstractTestNGCucumberTests" name="runScenario" time="17.322"/>
  <testcase classname="io.cucumber.testng.AbstractTestNGCucumberTests" name="runScenario" time="18.057"/>
</testsuite> <!-- Default test -->
