<?xml version="1.0" encoding="UTF-8"?>
<testsuite xmlns:xsi="http://www.w3.org/2001/XMLSchema-instance" xsi:noNamespaceSchemaLocation="https://maven.apache.org/surefire/maven-surefire-plugin/xsd/surefire-test-report-3.0.xsd" version="3.0" name="TestSuite" time="22.571" tests="4" errors="0" skipped="0" failures="1">
  <properties>
[...]
</properties>
  <testcase name="runScenario[&quot;Login and Verify Landing page details&quot;, &quot;Application Login and Landing Page Details&quot;](1)" classname="cucumberOptions.TestNGRunner" time="19.725">
    <system-out><![CDATA[
@LoginTest @SmokeTests
Scenario Outline: Login and Verify Landing page details                                                                       # src/test/java/features/SmokeTest.feature:14

@LoginTest @SmokeTests
Scenario Outline: Login and Verify Landing page details                                                                       # src/test/java/features/SmokeTest.feature:13

@LoginTest @SmokeTests
Scenario Outline: Verify that user is able to create a quote on Home Insurance page # src/test/java/features/Create Quote on home Insurance page.feature:14

@LoginTest @SmokeTests
Scenario Outline: Login and Verify Landing page details                                                                             # src/test/java/features/SmokeTest.feature:12
  Given the user log into the application and select Yukon as Province                                                        # stepDefinitions.HomePageStepDef.the_user_log_into_the_application_and_select_as_province(java.lang.String)
  Given the user log into the application and select Alberta as Province                                                            # stepDefinitions.HomePageStepDef.the_user_log_into_the_application_and_select_as_province(java.lang.String)
  Then in the HomePage, the user assert that the text message Always by your side. Make it Intact. is displayed in the page   # stepDefinitions.HomePageStepDef.the_user_assert_that_the_text_message_is_displayed_in_the_page(java.lang.String,java.lang.String)
  And in the LandingPage, the user assert that the text message Always by your side. Make it Intact. is displayed in the page # stepDefinitions.HomePageStepDef.the_user_assert_that_the_text_message_is_displayed_in_the_page(java.lang.String,java.lang.String)
  Given the user log into the application and select Alberta as Province            # stepDefinitions.HomePageStepDef.the_user_log_into_the_application_and_select_as_province(java.lang.String)
  Then in the HomePage, the user assert that the text message Always by your sidessssss. Make it Intact. is displayed in the page   # stepDefinitions.HomePageStepDef.the_user_assert_that_the_text_message_is_displayed_in_the_page(java.lang.String,java.lang.String)
      java.lang.AssertionError: expected [Always by your sidessssss. Make it Intact.] but found [Always by your side. Make it Intact.]
	at org.testng.Assert.fail(Assert.java:111)
	at org.testng.Assert.failNotEquals(Assert.java:1578)
	at org.testng.Assert.assertEqualsImpl(Assert.java:150)
	at org.testng.Assert.assertEquals(Assert.java:132)
	at org.testng.Assert.assertEquals(Assert.java:656)
	at org.testng.Assert.assertEquals(Assert.java:666)
	at pageObjects.HomePage.assertIntactMessage(HomePage.java:53)
	at stepDefinitions.HomePageStepDef.the_user_assert_that_the_text_message_is_displayed_in_the_page(HomePageStepDef.java:43)
	at ✽.in the HomePage, the user assert that the text message Always by your sidessssss. Make it Intact. is displayed in the page(file:///Users/mehreenbrar/eclipse-workspace/CucumberFrameworkTestNg/src/test/java/features/SmokeTest.feature:5)


    Embedding image [image/png 1575053 bytes]

  Given the user log into the application and select Ontario as Province                                                      # stepDefinitions.HomePageStepDef.the_user_log_into_the_application_and_select_as_province(java.lang.String)
  And in the Home Page, the user click on the Get a Quote                           # stepDefinitions.CommonsPageStepDef.in_the_user_clicks_on_the_link(java.lang.String,java.lang.Object)
  And in the LandingPage, the user assert that the text message Always by your sidessssss. Make it Intact. is displayed in the page # stepDefinitions.HomePageStepDef.the_user_assert_that_the_text_message_is_displayed_in_the_page(java.lang.String,java.lang.String)
  When in the homePage, the user clicks on the Claims link.                                                                         # stepDefinitions.ClaimsPageStepDef.in_the_home_page_the_user_clicks_on_the_claims_link(java.lang.String)
  When in the homePage, the user clicks on the Claims link.                                                                   # stepDefinitions.ClaimsPageStepDef.in_the_home_page_the_user_clicks_on_the_claims_link(java.lang.String)
  Then in the HomePage, the user assert that the text message Always by your side. Make it Intact. is displayed in the page   # stepDefinitions.HomePageStepDef.the_user_assert_that_the_text_message_is_displayed_in_the_page(java.lang.String,java.lang.String)
  And in the LandingPage, the user assert that the text message Always by your side. Make it Intact. is displayed in the page # stepDefinitions.HomePageStepDef.the_user_assert_that_the_text_message_is_displayed_in_the_page(java.lang.String,java.lang.String)
]]></system-out>
    <system-err><![CDATA[SLF4J: Failed to load class "org.slf4j.impl.StaticLoggerBinder".
SLF4J: Defaulting to no-operation (NOP) logger implementation
SLF4J: See http://www.slf4j.org/codes.html#StaticLoggerBinder for further details.
]]></system-err>
  </testcase>
  <testcase name="runScenario[&quot;Verify that user is able to create a quote on Home Insurance page&quot;, &quot;Create a quote for home on Home insurance Page&quot;](2)" classname="cucumberOptions.TestNGRunner" time="19.808"/>
  <testcase name="runScenario[&quot;Login and Verify Landing page details&quot;, &quot;Application Login and Landing Page Details&quot;](3)" classname="cucumberOptions.TestNGRunner" time="20.035">
    <failure message="expected [Always by your sidessssss. Make it Intact.] but found [Always by your side. Make it Intact.]" type="java.lang.AssertionError"><![CDATA[java.lang.AssertionError: expected [Always by your sidessssss. Make it Intact.] but found [Always by your side. Make it Intact.]
	at org.testng.Assert.fail(Assert.java:111)
	at org.testng.Assert.failNotEquals(Assert.java:1578)
	at org.testng.Assert.assertEqualsImpl(Assert.java:150)
	at org.testng.Assert.assertEquals(Assert.java:132)
	at org.testng.Assert.assertEquals(Assert.java:656)
	at org.testng.Assert.assertEquals(Assert.java:666)
	at pageObjects.HomePage.assertIntactMessage(HomePage.java:53)
	at stepDefinitions.HomePageStepDef.the_user_assert_that_the_text_message_is_displayed_in_the_page(HomePageStepDef.java:43)
	at ✽.in the HomePage, the user assert that the text message Always by your sidessssss. Make it Intact. is displayed in the page(file:///Users/mehreenbrar/eclipse-workspace/CucumberFrameworkTestNg/src/test/java/features/SmokeTest.feature:5)
]]></failure>
  </testcase>
  <testcase name="runScenario[&quot;Login and Verify Landing page details&quot;, &quot;Application Login and Landing Page Details&quot;](4)" classname="cucumberOptions.TestNGRunner" time="21.152">
    <system-out><![CDATA[  When in the homePage, the user clicks on the Claims link.                                                                   # stepDefinitions.ClaimsPageStepDef.in_the_home_page_the_user_clicks_on_the_claims_link(java.lang.String)
]]></system-out>
  </testcase>
</testsuite>